<?xml version="1.0" encoding="UTF-8"?>
<!-- Generated by org.testng.reporters.JUnitXMLReporter -->
<testsuite ignored="0" hostname="DESKTOP-N1FKMHT" failures="0" tests="4" name="Login Test Cases" time="32.419" errors="0" timestamp="2021-11-06T11:06:26 IST">
  <testcase classname="loginTestCases.BothCorrect" name="loginWithBothCorrect" time="10.499"/>
  <testcase classname="loginTestCases.BothInCorrect" name="loginWithBothCorrect" time="7.624"/>
  <testcase classname="loginTestCases.CorrectUserName" name="loginWithBothCorrect" time="7.276"/>
  <testcase classname="loginTestCases.CorrectPassword" name="loginWithBothCorrect" time="6.989"/>
</testsuite> <!-- Login Test Cases -->
