<?xml version="1.0" encoding="UTF-8"?>
<!-- Generated by org.testng.reporters.JUnitXMLReporter -->
<testsuite ignored="0" hostname="DESKTOP-N1FKMHT" failures="0" tests="4" name="Login to Application" time="26.993" errors="0" timestamp="2021-11-06T16:13:42 IST">
  <testcase classname="loginTestCases.Login" name="login" time="8.076"/>
  <testcase classname="loginTestCases.Login" name="login" time="6.273"/>
  <testcase classname="loginTestCases.Login" name="login" time="5.865"/>
  <testcase classname="loginTestCases.Login" name="login" time="6.746"/>
</testsuite> <!-- Login to Application -->
