<?xml version="1.0" encoding="UTF-8"?>
<!-- Generated by org.testng.reporters.JUnitXMLReporter -->
<testsuite ignored="4" hostname="DESKTOP-N1FKMHT" failures="0" tests="4" name="Test Case" time="0.041" errors="0" timestamp="2021-11-05T12:02:49 IST">
  <testcase classname="testNG.GroupingExample" name="moto1" time="0.009"/>
  <testcase classname="testNG.GroupingExample" name="moto2" time="0.001"/>
  <testcase classname="testNG.GroupingExample" name="vivo1" time="0.0"/>
  <testcase classname="testNG.GroupingExample" name="vivo2" time="0.001"/>
  <testcase classname="testNG.GroupingExample" name="apple2" time="0.0">
    <ignored/>
  </testcase> <!-- apple2 -->
  <testcase classname="testNG.GroupingExample" name="lenovo1" time="0.0">
    <ignored/>
  </testcase> <!-- lenovo1 -->
  <testcase classname="testNG.GroupingExample" name="lenovo2" time="0.0">
    <ignored/>
  </testcase> <!-- lenovo2 -->
  <testcase classname="testNG.GroupingExample" name="apple1" time="0.0">
    <ignored/>
  </testcase> <!-- apple1 -->
</testsuite> <!-- Test Case -->
