<?xml version="1.0" encoding="UTF-8"?>
<!-- Generated by org.testng.reporters.JUnitXMLReporter -->
<testsuite ignored="1" hostname="DESKTOP-N1FKMHT" failures="0" tests="23" name="Test Case" time="18.014" errors="0" timestamp="2021-11-05T12:13:50 IST">
  <testcase classname="testNG.SampleTestCase" name="firstTestCase" time="0.004"/>
  <testcase classname="testNG.SampleTestCase" name="fourthTestCase" time="0.0"/>
  <testcase classname="testNG.SampleTestCase" name="secondTestCase" time="0.001"/>
  <testcase classname="testNG.SampleTestCase" name="thirdTestCase" time="0.0"/>
  <testcase classname="testNG.SetPriorityExample" name="startTheCar" time="0.001"/>
  <testcase classname="testNG.SetPriorityExample" name="putFirstGear" time="0.001"/>
  <testcase classname="testNG.SetPriorityExample" name="putSecondGear" time="0.0"/>
  <testcase classname="testNG.SetPriorityExample" name="putThirdGear" time="0.001"/>
  <testcase classname="testNG.SetPriorityExample" name="putFourthGear" time="0.001"/>
  <testcase classname="testNG.SkipTestCaseExample" name="startTheCar" time="0.0"/>
  <testcase classname="testNG.SkipTestCaseExample" name="putFirstGear" time="0.0"/>
  <testcase classname="testNG.SkipTestCaseExample" name="putSecondGear" time="0.0"/>
  <testcase classname="testNG.SkipTestCaseExample" name="putThirdGear" time="0.0"/>
  <testcase classname="testNG.SkipTestCaseExample" name="putFourthGear" time="0.0"/>
  <testcase classname="testNG.DependanciesManagementExample" name="highSchool" time="0.0"/>
  <testcase classname="testNG.DependanciesManagementExample" name="higherSecondary" time="0.0"/>
  <testcase classname="testNG.DependanciesManagementExample" name="graduation" time="0.0"/>
  <testcase classname="testNG.TestSuiteExample" name="openBing" time="2.088"/>
  <testcase classname="testNG.TestSuiteExample" name="openGoogle" time="4.291"/>
  <testcase classname="testNG.TestSuiteExample" name="openYahoo" time="3.856"/>
  <testcase classname="testNG.BeforeAndAfterSuiteAnnotationsExample" name="openBing" time="1.249"/>
  <testcase classname="testNG.BeforeAndAfterSuiteAnnotationsExample" name="openGoogle" time="3.014"/>
  <testcase classname="testNG.BeforeAndAfterSuiteAnnotationsExample" name="openYahoo" time="3.453"/>
  <testcase classname="testNG.SkipTestCaseExample" name="turnTheMusicOn" time="0.0">
    <ignored/>
  </testcase> <!-- turnTheMusicOn -->
</testsuite> <!-- Test Case -->
