<?xml version="1.0" encoding="UTF-8"?>
<testng-results ignored="0" total="1" passed="1" failed="0" skipped="0">
  <reporter-output>
  </reporter-output>
  <suite started-at="2022-03-03T21:25:07 IST" name="Default suite" finished-at="2022-03-03T21:25:18 IST" duration-ms="10759">
    <groups>
    </groups>
    <test started-at="2022-03-03T21:25:07 IST" name="Default test" finished-at="2022-03-03T21:25:18 IST" duration-ms="10759">
      <class name="pageObjectModel.LoginPageTestCase">
        <test-method signature="login()[pri:0, instance:pageObjectModel.LoginPageTestCase@564fabc8]" started-at="2022-03-03T21:25:07 IST" name="login" finished-at="2022-03-03T21:25:18 IST" duration-ms="10729" status="PASS">
          <reporter-output>
          </reporter-output>
        </test-method> <!-- login -->
      </class> <!-- pageObjectModel.LoginPageTestCase -->
    </test> <!-- Default test -->
  </suite> <!-- Default suite -->
</testng-results>
