<?xml version="1.0" encoding="UTF-8"?>
<!-- Generated by org.testng.reporters.JUnitXMLReporter -->
<testsuite ignored="0" hostname="DESKTOP-N1FKMHT" failures="0" tests="5" name="Test Case" time="0.038" errors="0" timestamp="2021-11-05T14:51:04 IST">
  <testcase classname="testNG.SetPriorityExample" name="startTheCar" time="0.006"/>
  <testcase classname="testNG.SetPriorityExample" name="putFirstGear" time="0.001"/>
  <testcase classname="testNG.SetPriorityExample" name="putSecondGear" time="0.0"/>
  <testcase classname="testNG.SetPriorityExample" name="putThirdGear" time="0.001"/>
  <testcase classname="testNG.SetPriorityExample" name="putFourthGear" time="0.001"/>
</testsuite> <!-- Test Case -->
