<?xml version="1.0" encoding="UTF-8"?>
<!-- Generated by org.testng.reporters.JUnitXMLReporter -->
<testsuite ignored="0" hostname="DESKTOP-N1FKMHT" failures="0" tests="4" name="Default test" time="32.11" errors="0" timestamp="2022-03-03T21:39:06 IST">
  <testcase classname="loginTestCases.Login" name="login" time="9.822"/>
  <testcase classname="loginTestCases.Login" name="login" time="6.322"/>
  <testcase classname="loginTestCases.Login" name="login" time="6.342"/>
  <testcase classname="loginTestCases.Login" name="login" time="9.592"/>
</testsuite> <!-- Default test -->
