<?xml version="1.0" encoding="UTF-8"?>
<testng-results ignored="0" total="4" passed="4" failed="0" skipped="0">
  <reporter-output>
  </reporter-output>
  <suite started-at="2022-03-03T21:38:34 IST" name="Default suite" finished-at="2022-03-03T21:39:06 IST" duration-ms="32110">
    <groups>
    </groups>
    <test started-at="2022-03-03T21:38:34 IST" name="Default test" finished-at="2022-03-03T21:39:06 IST" duration-ms="32110">
      <class name="loginTestCases.Login">
        <test-method signature="login(java.lang.String,java.lang.String)[pri:0, instance:loginTestCases.Login@1623b78d]" started-at="2022-03-03T21:38:34 IST" name="login" data-provider="Login Data" finished-at="2022-03-03T21:38:44 IST" duration-ms="9822" status="PASS">
          <params>
            <param index="0">
              <value>
                <![CDATA[Admin]]>
              </value>
            </param>
            <param index="1">
              <value>
                <![CDATA[admin123]]>
              </value>
            </param>
          </params>
          <reporter-output>
          </reporter-output>
        </test-method> <!-- login -->
        <test-method signature="login(java.lang.String,java.lang.String)[pri:0, instance:loginTestCases.Login@1623b78d]" started-at="2022-03-03T21:38:44 IST" name="login" data-provider="Login Data" finished-at="2022-03-03T21:38:50 IST" duration-ms="6322" status="PASS">
          <params>
            <param index="0">
              <value>
                <![CDATA[admin]]>
              </value>
            </param>
            <param index="1">
              <value>
                <![CDATA[admin]]>
              </value>
            </param>
          </params>
          <reporter-output>
          </reporter-output>
        </test-method> <!-- login -->
        <test-method signature="login(java.lang.String,java.lang.String)[pri:0, instance:loginTestCases.Login@1623b78d]" started-at="2022-03-03T21:38:50 IST" name="login" data-provider="Login Data" finished-at="2022-03-03T21:38:57 IST" duration-ms="6342" status="PASS">
          <params>
            <param index="0">
              <value>
                <![CDATA[Admin]]>
              </value>
            </param>
            <param index="1">
              <value>
                <![CDATA[admin]]>
              </value>
            </param>
          </params>
          <reporter-output>
          </reporter-output>
        </test-method> <!-- login -->
        <test-method signature="login(java.lang.String,java.lang.String)[pri:0, instance:loginTestCases.Login@1623b78d]" started-at="2022-03-03T21:38:57 IST" name="login" data-provider="Login Data" finished-at="2022-03-03T21:39:06 IST" duration-ms="9592" status="PASS">
          <params>
            <param index="0">
              <value>
                <![CDATA[admin]]>
              </value>
            </param>
            <param index="1">
              <value>
                <![CDATA[admin123]]>
              </value>
            </param>
          </params>
          <reporter-output>
          </reporter-output>
        </test-method> <!-- login -->
      </class> <!-- loginTestCases.Login -->
    </test> <!-- Default test -->
  </suite> <!-- Default suite -->
</testng-results>
